<?xml version="1.0" encoding="UTF-8"?>
<testng-results ignored="0" total="1" passed="1" failed="0" skipped="0">
  <reporter-output>
  </reporter-output>
  <suite started-at="2023-01-04T13:08:37 IST" name="Suite" finished-at="2023-01-04T13:08:51 IST" duration-ms="13706">
    <groups>
    </groups>
    <test started-at="2023-01-04T13:08:37 IST" name="Test" finished-at="2023-01-04T13:08:51 IST" duration-ms="13706">
      <class name="com.inetbanking.TestCases.TC_01_logintest">
        <test-method is-config="true" signature="setup()[pri:0, instance:com.inetbanking.TestCases.TC_01_logintest@7161d8d1]" started-at="2023-01-04T13:08:37 IST" name="setup" finished-at="2023-01-04T13:08:40 IST" duration-ms="2680" status="PASS">
          <reporter-output>
          </reporter-output>
        </test-method> <!-- setup -->
        <test-method signature="loginTest()[pri:0, instance:com.inetbanking.TestCases.TC_01_logintest@7161d8d1]" started-at="2023-01-04T13:08:40 IST" name="loginTest" finished-at="2023-01-04T13:08:51 IST" duration-ms="10806" status="PASS">
          <reporter-output>
          </reporter-output>
        </test-method> <!-- loginTest -->
        <test-method is-config="true" signature="tearDown()[pri:0, instance:com.inetbanking.TestCases.TC_01_logintest@7161d8d1]" started-at="2023-01-04T13:08:51 IST" name="tearDown" finished-at="2023-01-04T13:08:51 IST" duration-ms="156" status="PASS">
          <reporter-output>
          </reporter-output>
        </test-method> <!-- tearDown -->
        <test-method is-config="true" signature="tearDown()[pri:0, instance:com.inetbanking.TestCases.TC_01_logintest@7161d8d1]" started-at="2023-01-04T13:08:51 IST" name="tearDown" finished-at="2023-01-04T13:08:51 IST" duration-ms="0" status="PASS">
          <reporter-output>
          </reporter-output>
        </test-method> <!-- tearDown -->
      </class> <!-- com.inetbanking.TestCases.TC_01_logintest -->
    </test> <!-- Test -->
  </suite> <!-- Suite -->
</testng-results>
