<?xml version="1.0" encoding="UTF-8"?>
<testng-results ignored="0" total="1" passed="1" failed="0" skipped="0">
  <reporter-output>
  </reporter-output>
  <suite started-at="2023-01-04T13:05:03 IST" name="Default suite" finished-at="2023-01-04T13:05:42 IST" duration-ms="39109">
    <groups>
    </groups>
    <test started-at="2023-01-04T13:05:03 IST" name="Default test" finished-at="2023-01-04T13:05:42 IST" duration-ms="39109">
      <class name="com.inetbanking.TestCases.TC_02_AddCustomertest">
        <test-method is-config="true" signature="setup()[pri:0, instance:com.inetbanking.TestCases.TC_02_AddCustomertest@4659191b]" started-at="2023-01-04T13:05:03 IST" name="setup" finished-at="2023-01-04T13:05:06 IST" duration-ms="2677" status="PASS">
          <reporter-output>
          </reporter-output>
        </test-method> <!-- setup -->
        <test-method signature="addcustomertest()[pri:0, instance:com.inetbanking.TestCases.TC_02_AddCustomertest@4659191b]" started-at="2023-01-04T13:05:06 IST" name="addcustomertest" finished-at="2023-01-04T13:05:42 IST" duration-ms="35763" status="PASS">
          <reporter-output>
          </reporter-output>
        </test-method> <!-- addcustomertest -->
        <test-method is-config="true" signature="tearDown()[pri:0, instance:com.inetbanking.TestCases.TC_02_AddCustomertest@4659191b]" started-at="2023-01-04T13:05:42 IST" name="tearDown" finished-at="2023-01-04T13:05:42 IST" duration-ms="624" status="PASS">
          <reporter-output>
          </reporter-output>
        </test-method> <!-- tearDown -->
        <test-method is-config="true" signature="tearDown()[pri:0, instance:com.inetbanking.TestCases.TC_02_AddCustomertest@4659191b]" started-at="2023-01-04T13:05:42 IST" name="tearDown" finished-at="2023-01-04T13:05:42 IST" duration-ms="0" status="PASS">
          <reporter-output>
          </reporter-output>
        </test-method> <!-- tearDown -->
      </class> <!-- com.inetbanking.TestCases.TC_02_AddCustomertest -->
    </test> <!-- Default test -->
  </suite> <!-- Default suite -->
</testng-results>
